2019-09-11 00:03:47,241  INFO [main] TestBase:46 - Loading Property File
2019-09-11 00:03:47,287  INFO [main] TestBase:46 - Loading Property File
2019-09-11 00:03:47,316  INFO [main] TestUtil:50 - Loading Excel file
2019-09-11 00:03:47,318  INFO [main] TestUtil:59 - Loading Workbook
2019-09-11 00:03:48,085  INFO [main] TestUtil:70 - Loading sheet from Workbook
2019-09-11 00:03:48,086  INFO [main] TestUtil:72 - Data in Excel:
2019-09-11 00:03:48,123  INFO [main] Testcases:54 - ***Executing Test Cases***
2019-09-11 00:03:48,124  INFO [main] Testcases:55 - Executing Test Case - AutomationPractice_TC01
2019-09-11 00:03:48,124  INFO [main] TestBase:68 - Validating URL
2019-09-11 00:03:48,126  INFO [main] TestBase:121 - Entered URL by user: http://automationpractice.com/index.php?
2019-09-11 00:03:48,128  INFO [main] TestBase:127 - Entered URL is Valid: http://automationpractice.com/index.php?
2019-09-11 00:03:48,129  INFO [main] TestBase:70 - Setting Preferences for Chrome
2019-09-11 00:03:51,778  INFO [main] TestBase:97 - Loading and maximizing Browser
2019-09-11 00:03:52,932  INFO [main] TestBase:99 - Deleting Browser cookies
2019-09-11 00:04:01,356  INFO [main] TestBase:102 - Application launched successfully..!!
2019-09-11 00:04:01,365  INFO [main] TestBase:103 - Current Application URL is: http://automationpractice.com/index.php?
2019-09-11 00:04:01,373  INFO [main] TestBase:46 - Loading Property File
2019-09-11 00:04:01,399  INFO [main] HomePage:25 - Clicking on Login link
2019-09-11 00:04:04,001  INFO [main] TestBase:46 - Loading Property File
2019-09-11 00:04:04,008  INFO [main] AccountLoginPage:44 - Home Page - getting Email address from Property file
2019-09-11 00:04:04,260  INFO [main] AccountLoginPage:46 - Clicking on Create Account link
2019-09-11 00:04:04,448  INFO [main] TestBase:46 - Loading Property File
2019-09-11 00:04:04,452  INFO [main] AccountRegistrationPage:88 - Getting and Entering Testdata from Excel file
2019-09-11 00:04:04,461  INFO [main] AccountRegistrationPage:89 - Page Title: Login - My Store
2019-09-11 00:04:04,462  INFO [main] AccountRegistrationPage:91 - Clicking on Title Radio button
2019-09-11 00:04:06,398  INFO [main] AccountRegistrationPage:94 - Entering First Name and value is ABCD
2019-09-11 00:04:06,521  INFO [main] AccountRegistrationPage:97 - Entering Last Name and value is CBDE
2019-09-11 00:04:06,645  INFO [main] AccountRegistrationPage:100 - Entering Password from Property File and value is 123456
2019-09-11 00:04:06,773  INFO [main] AccountRegistrationPage:103 - Entering Days in dropdown and value is 25
2019-09-11 00:04:06,969  INFO [main] AccountRegistrationPage:106 - Entering Month in dropdown and value is October
2019-09-11 00:04:07,090  INFO [main] AccountRegistrationPage:109 - Entering year in dropdown and value is 2000
2019-09-11 00:04:07,198  INFO [main] AccountRegistrationPage:112 - Entering Company name and value is ABC Corp.
2019-09-11 00:04:07,370  INFO [main] AccountRegistrationPage:115 - Entering Address and value is ABCD
2019-09-11 00:04:07,482  INFO [main] AccountRegistrationPage:118 - Entering City name and value is Miami
2019-09-11 00:04:07,596  INFO [main] AccountRegistrationPage:121 - Entering State name and value is Florida
2019-09-11 00:04:07,708  INFO [main] AccountRegistrationPage:124 - Entering Zipcode and value is 33109
2019-09-11 00:04:07,823  INFO [main] AccountRegistrationPage:127 - Entering Home Phone number and value is 1234
2019-09-11 00:04:07,921  INFO [main] AccountRegistrationPage:130 - Entering Mobile number and value is 3456
2019-09-11 00:04:08,015  INFO [main] AccountRegistrationPage:133 - Clearing Alias textbox
2019-09-11 00:04:08,083  INFO [main] AccountRegistrationPage:136 - Enter Alias Address and value is Tampa, Florida
2019-09-11 00:04:08,265  INFO [main] AccountRegistrationPage:139 - Clicking on Register button
2019-09-11 00:04:10,331  INFO [main] TestBase:46 - Loading Property File
2019-09-11 00:04:10,340  INFO [main] UserAccountPage:31 - Page Title:My account - My Store
2019-09-11 00:04:10,347  INFO [main] UserAccountPage:33 - Clicking on Logout button
2019-09-11 00:04:13,259  INFO [main] AccountLoginPage:58 - Page Title: Login - My Store
2019-09-11 00:04:13,459  INFO [main] AccountLoginPage:60 - Loading Email from Property file
2019-09-11 00:04:13,459  INFO [main] AccountLoginPage:61 - Value of Email from Property file AutomationPrac001@gmail.com
2019-09-11 00:04:13,556  INFO [main] AccountLoginPage:63 - Loading Password from Property file
2019-09-11 00:04:13,556  INFO [main] AccountLoginPage:64 - Value of Email from Property file 123456
2019-09-11 00:04:13,557  INFO [main] AccountLoginPage:65 - Taking screenshot after entering Email and Password
2019-09-11 00:04:13,557  INFO [main] TestBase:46 - Loading Property File
2019-09-11 00:04:13,558  INFO [main] TestUtil:33 - I Success Screenshot Method
2019-09-11 00:04:13,920  INFO [main] AccountLoginPage:67 - Clicking on SignIn button
2019-09-11 00:04:15,946  INFO [main] AccountLoginPage:69 - Taking screenshot after successful Sign-in
2019-09-11 00:04:15,947  INFO [main] TestBase:46 - Loading Property File
2019-09-11 00:04:15,947  INFO [main] TestUtil:33 - I Success Screenshot Method
2019-09-11 00:04:16,294  INFO [main] Testcases:67 - AutomationPractice_TC01 executed successfully
2019-09-11 00:04:16,298  INFO [main] Testcases:73 - Executing Test Case - AutomationPractice_TC02
2019-09-11 00:04:16,299  INFO [main] UserAccountPage:44 - Getting Search string from Property
2019-09-11 00:04:16,401  INFO [main] UserAccountPage:46 - Clicking on Search button
2019-09-11 00:04:18,966  INFO [main] TestBase:46 - Loading Property File
2019-09-11 00:04:19,068  INFO [main] SearchPage:33 - No of Results for entered Search 7
2019-09-11 00:04:19,068  INFO [main] SearchPage:35 - Comparing Result with Search String
2019-09-11 00:04:19,103 DEBUG [main] SearchPage:45 - Search String avaialble in Search Result: Printed Summer Dress
2019-09-11 00:04:19,122 DEBUG [main] SearchPage:45 - Search String avaialble in Search Result: Printed Dress
2019-09-11 00:04:19,141 DEBUG [main] SearchPage:45 - Search String avaialble in Search Result: Printed Summer Dress
2019-09-11 00:04:19,167 DEBUG [main] SearchPage:45 - Search String avaialble in Search Result: Printed Chiffon Dress
2019-09-11 00:04:19,190 DEBUG [main] SearchPage:45 - Search String avaialble in Search Result: Printed Dress
2019-09-11 00:04:19,209 FATAL [main] SearchPage:50 - Search String not avaialble in Search Result:Faded Short Sleeve T-shirts
2019-09-11 00:04:19,232 FATAL [main] SearchPage:50 - Search String not avaialble in Search Result:Blouse
2019-09-11 00:04:19,232  INFO [main] Testcases:77 - AutomationPractice_TC02 executed successfully
2019-09-11 00:04:19,233  INFO [main] Testcases:82 - Executing Test Case - AutomationPractice_TC03
2019-09-11 00:04:19,236  INFO [main] SearchPage:68 - Clicking on Product
2019-09-11 00:04:22,178  INFO [main] TestBase:46 - Loading Property File
2019-09-11 00:04:22,194  INFO [main] SearchResultPage:31 - Page Title: Printed Summer Dress - My Store
2019-09-11 00:04:22,194  INFO [main] SearchResultPage:32 - Getting the Parent windowhandle ID
2019-09-11 00:04:22,196  INFO [main] SearchResultPage:34 - Parent Windowhandle ID: CDwindow-3E78258A1713B9D8D9DC0316AE4D603A
2019-09-11 00:04:22,200  INFO [main] SearchResultPage:37 - Adding item to Cart
2019-09-11 00:04:22,300  INFO [main] SearchResultPage:39 - Getting available Window Handles
2019-09-11 00:04:22,307 DEBUG [main] SearchResultPage:43 - Switching to Child window
2019-09-11 00:04:22,308 DEBUG [main] SearchResultPage:45 - Child Windowhandle ID: CDwindow-3E78258A1713B9D8D9DC0316AE4D603A
2019-09-11 00:04:22,308 DEBUG [main] SearchResultPage:47 - Switching to Childwindow
2019-09-11 00:04:22,323  INFO [main] SearchResultPage:49 - Clicking on Checkout button
2019-09-11 00:04:25,474  INFO [main] TestBase:46 - Loading Property File
2019-09-11 00:04:25,495  INFO [main] ShoppingCartPage:26 - Page Title: Order - My Store
2019-09-11 00:04:25,495  INFO [main] ShoppingCartPage:27 - Taking Screenshot of Shopping Cart
2019-09-11 00:04:25,496  INFO [main] TestBase:46 - Loading Property File
2019-09-11 00:04:25,496  INFO [main] TestUtil:33 - I Success Screenshot Method
2019-09-11 00:04:27,770  INFO [main] TestBase:46 - Loading Property File
2019-09-11 00:04:27,780  INFO [main] ManageAddressPage:24 - Page Title: Order - My Store
2019-09-11 00:04:27,780  INFO [main] ManageAddressPage:25 - Clicking on Proceed to Checkout
2019-09-11 00:04:29,368  INFO [main] TestBase:46 - Loading Property File
2019-09-11 00:04:29,378  INFO [main] ShippingPage:27 - Page Title: Order - My Store
2019-09-11 00:04:29,378  INFO [main] ShippingPage:28 - Accepting Terms and Services
2019-09-11 00:04:29,464  INFO [main] ShippingPage:39 - Clicking on Proceed to Checkout
2019-09-11 00:04:30,981  INFO [main] TestBase:46 - Loading Property File
2019-09-11 00:04:30,987  INFO [main] PaymentPage:28 - Page Title: Order - My Store
2019-09-11 00:04:30,988  INFO [main] PaymentPage:29 - Clicking on Pay by Bank Wire option
2019-09-11 00:04:32,244  INFO [main] TestBase:46 - Loading Property File
2019-09-11 00:04:32,252  INFO [main] OrderSummaryPage:24 - Page Title: My Store
2019-09-11 00:04:32,252  INFO [main] OrderSummaryPage:25 - Confirming Order
2019-09-11 00:04:34,510  INFO [main] TestBase:46 - Loading Property File
2019-09-11 00:04:34,511  INFO [main] OrderConfirmationPage:46 - Click on Back to Orders
2019-09-11 00:04:36,669  INFO [main] Testcases:99 - AutomationPractice_TC03 executed successfully
2019-09-11 00:04:36,671  INFO [main] Testcases:104 - Executing Test Case - AutomationPractice_TC04
2019-09-11 00:04:36,672  INFO [main] TestBase:46 - Loading Property File
2019-09-11 00:04:36,690  INFO [main] OrderHistoryPage:32 - Page Title: Order history - My Store
2019-09-11 00:04:36,691  INFO [main] OrderHistoryPage:33 - Clicking on Invoice link
2019-09-11 00:04:36,847  INFO [main] OrderHistoryPage:36 - Getting List of Tabs
2019-09-11 00:04:36,852  INFO [main] OrderHistoryPage:38 - Switching to Child Tab
2019-09-11 00:04:36,865  INFO [main] OrderHistoryPage:41 - Closing Child Tab
2019-09-11 00:04:37,920  INFO [main] OrderHistoryPage:43 - Switching back to Parent Tab
2019-09-11 00:04:38,019  INFO [main] OrderHistoryPage:60 - Invoice File Downloaded and available in Dowload Folder
2019-09-11 00:04:38,025  INFO [main] OrderHistoryPage:77 - Logging out from the application
2019-09-11 00:04:40,485  INFO [main] Testcases:109 - AutomationPractice_TC04 executed successfully
2019-09-11 00:04:40,487  INFO [main] Testcases:114 - Executing Test Case - AutomationPractice_TC05
2019-09-11 00:04:40,488  INFO [main] AccountLoginPage:81 - Entering Invalid Email address
2019-09-11 00:04:40,606  INFO [main] AccountLoginPage:83 - Clicking on Create Account button
2019-09-11 00:04:40,734  INFO [main] AccountLoginPage:86 - Assertion to fail the Testcase
2019-09-11 00:04:41,573 FATAL [main] WebEventListener:21 - TestCase Failed
2019-09-11 00:04:41,574  INFO [main] WebEventListener:22 - Capturing Failure Screenshot
2019-09-11 00:04:41,574  INFO [main] TestBase:141 - Taking Failure Screenshot
2019-09-11 00:04:41,930  INFO [main] WebEventListener:24 - Extracting browser logs
2019-09-11 00:04:41,930  INFO [main] TestBase:155 - In Extracting Browser logs method
2019-09-11 00:04:41,965  INFO [main] Testcases:122 - Closing the Browser
2019-09-11 00:04:42,540  INFO [main] Testcases:124 - ***Test Case execution completed***
